<?xml version="1.0" encoding="UTF-8"?>
<testng-results skipped="0" failed="0" ignored="0" total="1" passed="1">
  <reporter-output>
  </reporter-output>
  <suite name="Suite" duration-ms="101686" started-at="2020-03-23T00:04:01Z" finished-at="2020-03-23T00:05:43Z">
    <groups>
    </groups>
    <test name="Test" duration-ms="101686" started-at="2020-03-23T00:04:01Z" finished-at="2020-03-23T00:05:43Z">
      <class name="testcases.All_testcases">
        <test-method status="PASS" signature="extentinstance()[pri:0, instance:testcases.All_testcases@59494225]" name="extentinstance" is-config="true" duration-ms="57" started-at="2020-03-23T00:04:01Z" finished-at="2020-03-23T00:04:01Z">
          <reporter-output>
          </reporter-output>
        </test-method> <!-- extentinstance -->
        <test-method status="PASS" signature="init()[pri:0, instance:testcases.All_testcases@59494225]" name="init" is-config="true" duration-ms="54677" started-at="2020-03-23T00:04:01Z" finished-at="2020-03-23T00:04:56Z">
          <reporter-output>
          </reporter-output>
        </test-method> <!-- init -->
        <test-method status="PASS" signature="testcase_Jenkinstest()[pri:0, instance:testcases.All_testcases@59494225]" name="testcase_Jenkinstest" duration-ms="43405" started-at="2020-03-23T00:04:56Z" finished-at="2020-03-23T00:05:39Z">
          <reporter-output>
          </reporter-output>
        </test-method> <!-- testcase_Jenkinstest -->
        <test-method status="PASS" signature="tearDown()[pri:0, instance:testcases.All_testcases@59494225]" name="tearDown" is-config="true" duration-ms="3592" started-at="2020-03-23T00:05:39Z" finished-at="2020-03-23T00:05:43Z">
          <reporter-output>
          </reporter-output>
        </test-method> <!-- tearDown -->
      </class> <!-- testcases.All_testcases -->
    </test> <!-- Test -->
  </suite> <!-- Suite -->
</testng-results>
