<?xml version="1.0" encoding="UTF-8"?>
<testng-results skipped="0" failed="0" ignored="0" total="1" passed="1">
  <reporter-output>
  </reporter-output>
  <suite name="Default suite" duration-ms="1647170" started-at="2021-06-07T20:59:13Z" finished-at="2021-06-07T21:26:40Z">
    <groups>
    </groups>
    <test name="Default test" duration-ms="1647170" started-at="2021-06-07T20:59:13Z" finished-at="2021-06-07T21:26:40Z">
      <class name="testcases.All_testcases">
        <test-method status="PASS" signature="extentinstance()[pri:0, instance:testcases.All_testcases@44ebcd03]" name="extentinstance" is-config="true" duration-ms="35" started-at="2021-06-07T20:59:13Z" finished-at="2021-06-07T20:59:13Z">
          <reporter-output>
          </reporter-output>
        </test-method> <!-- extentinstance -->
        <test-method status="PASS" signature="init()[pri:0, instance:testcases.All_testcases@44ebcd03]" name="init" is-config="true" duration-ms="68883" started-at="2021-06-07T20:59:13Z" finished-at="2021-06-07T21:00:22Z">
          <reporter-output>
          </reporter-output>
        </test-method> <!-- init -->
        <test-method status="PASS" signature="testcase_Guestuser()[pri:0, instance:testcases.All_testcases@44ebcd03]" name="testcase_Guestuser" duration-ms="1574185" started-at="2021-06-07T21:00:22Z" finished-at="2021-06-07T21:26:36Z">
          <reporter-output>
          </reporter-output>
        </test-method> <!-- testcase_Guestuser -->
        <test-method status="PASS" signature="tearDown()[pri:0, instance:testcases.All_testcases@44ebcd03]" name="tearDown" is-config="true" duration-ms="4084" started-at="2021-06-07T21:26:36Z" finished-at="2021-06-07T21:26:40Z">
          <reporter-output>
          </reporter-output>
        </test-method> <!-- tearDown -->
      </class> <!-- testcases.All_testcases -->
    </test> <!-- Default test -->
  </suite> <!-- Default suite -->
</testng-results>
